<?xml version="1.0" encoding="UTF-8"?>
<testsuite name="com.kodilla.rps.RPSRunnerTestSuite" tests="1" skipped="0" failures="0" errors="0" timestamp="2021-07-06T13:47:12" hostname="DESKTOP-7UVQ050" time="0.018">
  <properties/>
  <testcase name="testRepeatInGameChoice()" classname="com.kodilla.rps.RPSRunnerTestSuite" time="0.018"/>
  <system-out><![CDATA[Test Suite: begin
Test nr: 1
Test Suite: End
]]></system-out>
  <system-err><![CDATA[]]></system-err>
</testsuite>
